2022.09.13 07:38:59 INFO  tracing is disabled for protocol LSP, to enable tracing of incoming and outgoing JSON messages create an empty file at c:\Users\dulashi\OneDrive\Desktop\Tutorial 7\.metals\lsp.trace.json or C:\Users\dulashi\AppData\Local\scalameta\metals\cache\lsp.trace.json
2022.09.13 07:39:00 INFO  logging to file C:\Users\dulashi\OneDrive\Desktop\Tutorial 7\.metals\metals.log
2022.09.13 07:39:00 INFO  Started: Metals version 0.11.8 in workspace 'C:\Users\dulashi\OneDrive\Desktop\Tutorial 7' for client Visual Studio Code 1.71.0.
2022.09.13 07:39:00 WARN  Flyway upgrade recommended: H2 2.1.214 is newer than this version of Flyway and support has not been tested. The latest supported version of H2 is 2.1.210.
2022.09.13 07:39:01 INFO  time: initialize in 1.17s
2022.09.13 07:39:03 WARN  Build server is not auto-connectable.
2022.09.13 07:39:03 WARN  no build tool detected in workspace 'C:\Users\dulashi\OneDrive\Desktop\Tutorial 7'. The most common cause for this problem is that the editor was opened in the wrong working directory, for example if you use sbt then the workspace directory should contain build.sbt. 
2022.09.13 07:39:03 WARN  no build target for: C:\Users\dulashi\OneDrive\Desktop\Tutorial 7\Q1Q2.scala
2022.09.13 07:39:03 WARN  no build target for: C:\Users\dulashi\OneDrive\Desktop\Tutorial 7\Q3.scala
2022.09.13 07:39:06 INFO  no build target found for C:\Users\dulashi\OneDrive\Desktop\Tutorial 7\Q1Q2.scala. Using presentation compiler with project's scala-library version: 3.1.3
2022.09.13 07:39:08 INFO  time: code lens generation in 5.1s
2022.09.13 07:39:08 INFO  time: code lens generation in 4.03s
2022.09.13 07:39:12 WARN  no build target for: C:\Users\dulashi\OneDrive\Desktop\Tutorial 7\Q4.scala
Sep 13, 2022 7:39:47 AM org.eclipse.lsp4j.jsonrpc.RemoteEndpoint fallbackResponseError
SEVERE: Internal error: java.lang.ArrayIndexOutOfBoundsException: Index 2110 out of bounds for length 2110
java.util.concurrent.CompletionException: java.lang.ArrayIndexOutOfBoundsException: Index 2110 out of bounds for length 2110
	at java.base/java.util.concurrent.CompletableFuture.encodeThrowable(CompletableFuture.java:332)
	at java.base/java.util.concurrent.CompletableFuture.completeThrowable(CompletableFuture.java:347)
	at java.base/java.util.concurrent.CompletableFuture$UniAccept.tryFire(CompletableFuture.java:708)
	at java.base/java.util.concurrent.CompletableFuture.postComplete(CompletableFuture.java:510)
	at java.base/java.util.concurrent.CompletableFuture.completeExceptionally(CompletableFuture.java:2162)
	at scala.meta.internal.metals.CancelTokens$.$anonfun$future$1(CancelTokens.scala:40)
	at scala.meta.internal.metals.CancelTokens$.$anonfun$future$1$adapted(CancelTokens.scala:38)
	at scala.concurrent.impl.Promise$Transformation.run(Promise.scala:484)
	at java.base/java.util.concurrent.ThreadPoolExecutor.runWorker(ThreadPoolExecutor.java:1136)
	at java.base/java.util.concurrent.ThreadPoolExecutor$Worker.run(ThreadPoolExecutor.java:635)
	at java.base/java.lang.Thread.run(Thread.java:833)
Caused by: java.lang.ArrayIndexOutOfBoundsException: Index 2110 out of bounds for length 2110
	at scala.meta.internal.parsing.FoldingRangeExtractor$Foldable$.isScala3BlockWithoutOptionalBraces(FoldingRangeExtractor.scala:248)
	at scala.meta.internal.parsing.FoldingRangeExtractor$Foldable$.unapply(FoldingRangeExtractor.scala:199)
	at scala.meta.internal.parsing.FoldingRangeExtractor.extractFrom(FoldingRangeExtractor.scala:36)
	at scala.meta.internal.parsing.FoldingRangeExtractor.$anonfun$extractFrom$2(FoldingRangeExtractor.scala:56)
	at scala.meta.internal.parsing.FoldingRangeExtractor.$anonfun$extractFrom$2$adapted(FoldingRangeExtractor.scala:51)
	at scala.collection.immutable.List.foreach(List.scala:333)
	at scala.meta.internal.parsing.FoldingRangeExtractor.extractFrom(FoldingRangeExtractor.scala:51)
	at scala.meta.internal.parsing.FoldingRangeExtractor.$anonfun$extractFrom$2(FoldingRangeExtractor.scala:56)
	at scala.meta.internal.parsing.FoldingRangeExtractor.$anonfun$extractFrom$2$adapted(FoldingRangeExtractor.scala:51)
	at scala.collection.immutable.List.foreach(List.scala:333)
	at scala.meta.internal.parsing.FoldingRangeExtractor.extractFrom(FoldingRangeExtractor.scala:51)
	at scala.meta.internal.parsing.FoldingRangeExtractor.extract(FoldingRangeExtractor.scala:29)
	at scala.meta.internal.parsing.FoldingRangeProvider.$anonfun$getRangedForScala$3(FoldingRangeProvider.scala:40)
	at scala.Option.map(Option.scala:242)
	at scala.meta.internal.parsing.FoldingRangeProvider.$anonfun$getRangedForScala$2(FoldingRangeProvider.scala:33)
	at scala.Option$WithFilter.flatMap(Option.scala:283)
	at scala.meta.internal.parsing.FoldingRangeProvider.getRangedForScala(FoldingRangeProvider.scala:31)
	at scala.meta.internal.metals.MetalsLanguageServer.$anonfun$foldingRange$2(MetalsLanguageServer.scala:1705)
	at scala.concurrent.impl.Promise$Transformation.run(Promise.scala:467)
	... 3 more

2022.09.13 07:39:50 WARN  no build target for: C:\Users\dulashi\OneDrive\Desktop\Tutorial 7\Q4.scala
2022.09.13 07:40:51 WARN  no build target for: C:\Users\dulashi\OneDrive\Desktop\Q1&Q2.scala
2022.09.13 07:41:00 WARN  no build target for: C:\Users\dulashi\OneDrive\Desktop\Q3.scala
2022.09.13 07:41:27 WARN  no build target for: C:\Users\dulashi\OneDrive\Desktop\Tutorial 7\Q3.scala
2022.09.13 07:41:43 WARN  no build target for: C:\Users\dulashi\OneDrive\Desktop\Tutorial 7\Q1Q2.scala
Sep 13, 2022 7:43:09 AM org.eclipse.lsp4j.jsonrpc.services.GenericEndpoint notify
INFO: Unsupported notification method: $/setTrace
